<?xml version="1.0" encoding="UTF-8"?>
<!-- Generated by org.testng.reporters.JUnitReportReporter -->
<testsuite skipped="0" hostname="HYDHTC100356L" name="extentreport.examples.ExtentReportExample1" tests="1" failures="0" timestamp="09 Nov 2019 07:13:00 GMT" time="19.514" errors="0">
  <testcase name="test" time="19.514" classname="extentreport.examples.ExtentReportExample1"/>
</testsuite> <!-- extentreport.examples.ExtentReportExample1 -->
