<?xml version="1.0" encoding="UTF-8"?>
<!-- Generated by org.testng.reporters.JUnitReportReporter -->
<testsuite skipped="0" hostname="HYDHTC100356L" name="extentreport.examples.RegulatorRequirement" tests="3" failures="0" timestamp="09 Nov 2019 11:19:57 GMT" time="16.064" errors="0">
  <testcase name="launchBrowser" time="3.775" classname="extentreport.examples.RegulatorRequirement"/>
  <testcase name="test2X" time="0.172" classname="extentreport.examples.RegulatorRequirement"/>
  <testcase name="testDashboard" time="12.117" classname="extentreport.examples.RegulatorRequirement"/>
</testsuite> <!-- extentreport.examples.RegulatorRequirement -->
