<?xml version="1.0" encoding="UTF-8"?>
<!-- Generated by org.testng.reporters.JUnitReportReporter -->
<testsuite name="com.test.Post_Delete_Put" tests="1" time="37.223" ignored="0" failures="0" timestamp="08 Jan 2020 21:01:55 GMT" skipped="0" hostname="HYDHTC100356L" errors="0">
  <testcase name="test1Post" time="37.223" classname="com.test.Post_Delete_Put"/>
</testsuite> <!-- com.test.Post_Delete_Put -->
