<?xml version="1.0" encoding="UTF-8"?>
<!-- Generated by org.testng.reporters.JUnitReportReporter -->
<testsuite name="com.test.Rest2" tests="1" time="55.573" ignored="0" failures="0" timestamp="08 Jan 2020 20:12:38 GMT" skipped="0" hostname="HYDHTC100356L" errors="0">
  <testcase name="fun" time="55.573" classname="com.test.Rest2"/>
</testsuite> <!-- com.test.Rest2 -->
