<?xml version="1.0" encoding="UTF-8"?>
<!-- Generated by org.testng.reporters.JUnitReportReporter -->
<testsuite skipped="0" hostname="HYDHTC100356L" name="extentreport.examples.ExtentReportExample1" tests="1" failures="0" timestamp="09 Nov 2019 06:39:11 GMT" time="37.156" errors="0">
  <testcase name="test" time="37.156" classname="extentreport.examples.ExtentReportExample1"/>
</testsuite> <!-- extentreport.examples.ExtentReportExample1 -->
